<?xml version="1.0" encoding="UTF-8"?>
<!-- Generated by org.testng.reporters.JUnitReportReporter -->
<testsuite skipped="0" hostname="DESKTOP-26V87JC" name="mavendemo.Demo" tests="1" failures="0" timestamp="03 Jun 2019 06:26:12 GMT" time="76.006" errors="0">
  <testcase name="openBrowser" time="76.006" classname="mavendemo.Demo"/>
</testsuite> <!-- mavendemo.Demo -->
